This is pdfTeX, Version 3.14159265-2.6-1.40.15 (TeX Live 2014) (preloaded format=pdflatex 2014.5.25)  24 OCT 2017 09:47
entering extended mode
 restricted \write18 enabled.
 %&-line parsing enabled.
**ULL_thesis_template.tex
(./ULL_thesis_template.tex
LaTeX2e <2014/05/01>
Babel <3.9k> and hyphenation patterns for 78 languages loaded.
(./gatech-thesis.cls
Document Class: gatech-thesis 2010/07/02 1.8 (Mitchel T. Keller)
(/usr/local/texlive/2014/texmf-dist/tex/latex/tools/calc.sty
Package: calc 2007/08/22 v4.3 Infix arithmetic (KKT,FJ)
\calc@Acount=\count79
\calc@Bcount=\count80
\calc@Adimen=\dimen102
\calc@Bdimen=\dimen103
\calc@Askip=\skip41
\calc@Bskip=\skip42
LaTeX Info: Redefining \setlength on input line 75.
LaTeX Info: Redefining \addtolength on input line 76.
\calc@Ccount=\count81
\calc@Cskip=\skip43
)
(/usr/local/texlive/2014/texmf-dist/tex/latex/base/report.cls
Document Class: report 2007/10/19 v1.4h Standard LaTeX document class
(/usr/local/texlive/2014/texmf-dist/tex/latex/base/size12.clo
File: size12.clo 2007/10/19 v1.4h Standard LaTeX file (size option)
)
\c@part=\count82
\c@chapter=\count83
\c@section=\count84
\c@subsection=\count85
\c@subsubsection=\count86
\c@paragraph=\count87
\c@subparagraph=\count88
\c@figure=\count89
\c@table=\count90
\abovecaptionskip=\skip44
\belowcaptionskip=\skip45
\bibindent=\dimen104
)
\signature@width=\skip46
\c@signatures=\count91
\c@cnt@Lsig=\count92
\c@cnt@Rsig=\count93
\gt@tocentryskip@value=\skip47
\gt@beforepartskip@value=\skip48
\gt@beforechapskip@value=\skip49
\gt@beforesecskip@value=\skip50
\gt@beforesubsecskip@value=\skip51
\gt@beforesubsubsecskip@value=\skip52
\gt@beforeparaskip@value=\skip53
\gt@beforesubparaskip@value=\skip54
\gt@beforefigskip@value=\skip55
\gt@beforetableskip@value=\skip56
\gt@tmpa=\skip57
\c@part@savepagenum=\count94
\c@part@pagenum=\count95

(/usr/local/texlive/2014/texmf-dist/tex/latex/gatech-thesis/gatech-thesis-patch
.sty
File: gatech-thesis-patch.sty 2010/07/02 1.8 (Mitchel T. Keller)

gatech-thesis-patch loaded
)) (/usr/local/texlive/2014/texmf-dist/tex/latex/amsmath/amsmath.sty
Package: amsmath 2013/01/14 v2.14 AMS math features
\@mathmargin=\skip58

For additional information on amsmath, use the `?' option.
(/usr/local/texlive/2014/texmf-dist/tex/latex/amsmath/amstext.sty
Package: amstext 2000/06/29 v2.01

(/usr/local/texlive/2014/texmf-dist/tex/latex/amsmath/amsgen.sty
File: amsgen.sty 1999/11/30 v2.0
\@emptytoks=\toks14
\ex@=\dimen105
))
(/usr/local/texlive/2014/texmf-dist/tex/latex/amsmath/amsbsy.sty
Package: amsbsy 1999/11/29 v1.2d
\pmbraise@=\dimen106
)
(/usr/local/texlive/2014/texmf-dist/tex/latex/amsmath/amsopn.sty
Package: amsopn 1999/12/14 v2.01 operator names
)
\inf@bad=\count96
LaTeX Info: Redefining \frac on input line 210.
\uproot@=\count97
\leftroot@=\count98
LaTeX Info: Redefining \overline on input line 306.
\classnum@=\count99
\DOTSCASE@=\count100
LaTeX Info: Redefining \ldots on input line 378.
LaTeX Info: Redefining \dots on input line 381.
LaTeX Info: Redefining \cdots on input line 466.
\Mathstrutbox@=\box26
\strutbox@=\box27
\big@size=\dimen107
LaTeX Font Info:    Redeclaring font encoding OML on input line 566.
LaTeX Font Info:    Redeclaring font encoding OMS on input line 567.
\macc@depth=\count101
\c@MaxMatrixCols=\count102
\dotsspace@=\muskip10
\c@parentequation=\count103
\dspbrk@lvl=\count104
\tag@help=\toks15
\row@=\count105
\column@=\count106
\maxfields@=\count107
\andhelp@=\toks16
\eqnshift@=\dimen108
\alignsep@=\dimen109
\tagshift@=\dimen110
\tagwidth@=\dimen111
\totwidth@=\dimen112
\lineht@=\dimen113
\@envbody=\toks17
\multlinegap=\skip59
\multlinetaggap=\skip60
\mathdisplay@stack=\toks18
LaTeX Info: Redefining \[ on input line 2665.
LaTeX Info: Redefining \] on input line 2666.
)
(/usr/local/texlive/2014/texmf-dist/tex/latex/amsfonts/amssymb.sty
Package: amssymb 2013/01/14 v3.01 AMS font symbols

(/usr/local/texlive/2014/texmf-dist/tex/latex/amsfonts/amsfonts.sty
Package: amsfonts 2013/01/14 v3.01 Basic AMSFonts support
\symAMSa=\mathgroup4
\symAMSb=\mathgroup5
LaTeX Font Info:    Overwriting math alphabet `\mathfrak' in version `bold'
(Font)                  U/euf/m/n --> U/euf/b/n on input line 106.
))
(/usr/local/texlive/2014/texmf-dist/tex/latex/base/latexsym.sty
Package: latexsym 1998/08/17 v2.2e Standard LaTeX package (lasy symbols)
\symlasy=\mathgroup6
LaTeX Font Info:    Overwriting symbol font `lasy' in version `bold'
(Font)                  U/lasy/m/n --> U/lasy/b/n on input line 47.
)
(/usr/local/texlive/2014/texmf-dist/tex/latex/float/float.sty
Package: float 2001/11/08 v1.3d Float enhancements (AL)
\c@float@type=\count108
\float@exts=\toks19
\float@box=\box28
\@float@everytoks=\toks20
\@floatcapt=\box29
)
(/usr/local/texlive/2014/texmf-dist/tex/latex/graphics/epsfig.sty
Package: epsfig 1999/02/16 v1.7a (e)psfig emulation (SPQR)

(/usr/local/texlive/2014/texmf-dist/tex/latex/graphics/graphicx.sty
Package: graphicx 2014/04/25 v1.0g Enhanced LaTeX Graphics (DPC,SPQR)

(/usr/local/texlive/2014/texmf-dist/tex/latex/graphics/keyval.sty
Package: keyval 2014/05/08 v1.15 key=value parser (DPC)
\KV@toks@=\toks21
)
(/usr/local/texlive/2014/texmf-dist/tex/latex/graphics/graphics.sty
Package: graphics 2009/02/05 v1.0o Standard LaTeX Graphics (DPC,SPQR)

(/usr/local/texlive/2014/texmf-dist/tex/latex/graphics/trig.sty
Package: trig 1999/03/16 v1.09 sin cos tan (DPC)
)
(/usr/local/texlive/2014/texmf-dist/tex/latex/latexconfig/graphics.cfg
File: graphics.cfg 2010/04/23 v1.9 graphics configuration of TeX Live
)
Package graphics Info: Driver file: pdftex.def on input line 91.

(/usr/local/texlive/2014/texmf-dist/tex/latex/pdftex-def/pdftex.def
File: pdftex.def 2011/05/27 v0.06d Graphics/color for pdfTeX

(/usr/local/texlive/2014/texmf-dist/tex/generic/oberdiek/infwarerr.sty
Package: infwarerr 2010/04/08 v1.3 Providing info/warning/error messages (HO)
)
(/usr/local/texlive/2014/texmf-dist/tex/generic/oberdiek/ltxcmds.sty
Package: ltxcmds 2011/11/09 v1.22 LaTeX kernel commands for general use (HO)
)
\Gread@gobject=\count109
))
\Gin@req@height=\dimen114
\Gin@req@width=\dimen115
)
\epsfxsize=\dimen116
\epsfysize=\dimen117
)
(/usr/local/texlive/2014/texmf-dist/tex/latex/caption/subcaption.sty
Package: subcaption 2013/02/03 v1.1-62 Sub-captions (AR)

(/usr/local/texlive/2014/texmf-dist/tex/latex/caption/caption.sty
Package: caption 2013/05/02 v3.3-89 Customizing captions (AR)

(/usr/local/texlive/2014/texmf-dist/tex/latex/caption/caption3.sty
Package: caption3 2013/05/02 v1.6-88 caption3 kernel (AR)
Package caption3 Info: TeX engine: e-TeX on input line 57.
\captionmargin=\dimen118
\captionmargin@=\dimen119
\captionwidth=\dimen120
\caption@tempdima=\dimen121
\caption@indent=\dimen122
\caption@parindent=\dimen123
\caption@hangindent=\dimen124
Package caption Info: Unknown document class (or package),
(caption)             standard defaults will be used.
)

Package caption Warning: Unsupported document class (or package) detected,
(caption)                usage of the caption package is not recommended.
See the caption package documentation for explanation.

Package caption Info: \@makecaption = \long macro:#1#2->\vskip \abovecaptionski
p \sbox \@tempboxa {\textbf {#1: }#2}\ifdim \wd \@tempboxa >\hsize \textsf {\te
xtbf {#1: }}#2\par \else \global \@minipagefalse \hb@xt@ \hsize {\hfil \box \@t
empboxa \hfil }\fi \vskip \belowcaptionskip .
\c@ContinuedFloat=\count110
Package caption Info: float package is loaded.
)
\c@subfigure=\count111
\c@subtable=\count112
) (/usr/local/texlive/2014/texmf-dist/tex/latex/booktabs/booktabs.sty
Package: booktabs 2005/04/14 v1.61803 publication quality tables
\heavyrulewidth=\dimen125
\lightrulewidth=\dimen126
\cmidrulewidth=\dimen127
\belowrulesep=\dimen128
\belowbottomsep=\dimen129
\aboverulesep=\dimen130
\abovetopsep=\dimen131
\cmidrulesep=\dimen132
\cmidrulekern=\dimen133
\defaultaddspace=\dimen134
\@cmidla=\count113
\@cmidlb=\count114
\@aboverulesep=\dimen135
\@belowrulesep=\dimen136
\@thisruleclass=\count115
\@lastruleclass=\count116
\@thisrulewidth=\dimen137
)
(/usr/local/texlive/2014/texmf-dist/tex/latex/mh/mathtools.sty
Package: mathtools 2014/05/21 v1.14 mathematical typesetting tools

(/usr/local/texlive/2014/texmf-dist/tex/latex/mh/mhsetup.sty
Package: mhsetup 2010/01/21 v1.2a programming setup (MH)
)
LaTeX Info: Thecontrolsequence`\['isalreadyrobust on input line 129.
LaTeX Info: Thecontrolsequence`\]'isalreadyrobust on input line 129.
\g_MT_multlinerow_int=\count117
\l_MT_multwidth_dim=\dimen138
\origjot=\skip61
\l_MT_shortvdotswithinadjustabove_dim=\dimen139
\l_MT_shortvdotswithinadjustbelow_dim=\dimen140
\l_MT_above_intertext_sep=\dimen141
\l_MT_below_intertext_sep=\dimen142
\l_MT_above_shortintertext_sep=\dimen143
\l_MT_below_shortintertext_sep=\dimen144
)
(/usr/local/texlive/2014/texmf-dist/tex/latex/mh/breqn.sty
(/usr/local/texlive/2014/texmf-dist/tex/latex/l3kernel/expl3.sty
Package: expl3 2014/05/20 v4814 L3 programming layer (loader) 

(/usr/local/texlive/2014/texmf-dist/tex/generic/oberdiek/ifpdf.sty
Package: ifpdf 2011/01/30 v2.3 Provides the ifpdf switch (HO)
Package ifpdf Info: pdfTeX in PDF mode is detected.
)
(/usr/local/texlive/2014/texmf-dist/tex/latex/l3kernel/expl3-code.tex
Package: expl3 2014/05/20 v4814 L3 programming layer (code) 
L3 Module: l3bootstrap 2014/05/16 v4782 L3 Bootstrap code

(/usr/local/texlive/2014/texmf-dist/tex/latex/etex-pkg/etex.sty
Package: etex 1998/03/26 v2.0 eTeX basic definition package (PEB)
\et@xins=\count118
)
L3 Module: l3names 2014/05/04 v4728 L3 Namespace for primitives
L3 Module: l3basics 2014/05/04 v4728 L3 Basic definitions
L3 Module: l3expan 2014/04/30 v4712 L3 Argument expansion
L3 Module: l3tl 2014/05/04 v4728 L3 Token lists
L3 Module: l3seq 2014/04/30 v4712 L3 Sequences and stacks
L3 Module: l3int 2014/05/16 v4776 L3 Integers
\c_max_int=\count119
\l_tmpa_int=\count120
\l_tmpb_int=\count121
\g_tmpa_int=\count122
\g_tmpb_int=\count123
L3 Module: l3quark 2014/05/04 v4728 L3 Quarks
L3 Module: l3prg 2014/05/04 v4728 L3 Control structures
\g__prg_map_int=\count124
L3 Module: l3clist 2014/05/04 v4728 L3 Comma separated lists
L3 Module: l3token 2014/05/04 v4728 L3 Experimental token manipulation
L3 Module: l3prop 2014/04/30 v4712 L3 Property lists
L3 Module: l3msg 2014/05/04 v4728 L3 Messages
L3 Module: l3file 2014/05/05 v4737 L3 File and I/O operations
\l_iow_line_count_int=\count125
\l__iow_target_count_int=\count126
\l__iow_current_line_int=\count127
\l__iow_current_word_int=\count128
\l__iow_current_indentation_int=\count129
L3 Module: l3skip 2014/05/05 v4738 L3 Dimensions and skips
\c_zero_dim=\dimen145
\c_max_dim=\dimen146
\l_tmpa_dim=\dimen147
\l_tmpb_dim=\dimen148
\g_tmpa_dim=\dimen149
\g_tmpb_dim=\dimen150
\c_zero_skip=\skip62
\c_max_skip=\skip63
\l_tmpa_skip=\skip64
\l_tmpb_skip=\skip65
\g_tmpa_skip=\skip66
\g_tmpb_skip=\skip67
\c_zero_muskip=\muskip11
\c_max_muskip=\muskip12
\l_tmpa_muskip=\muskip13
\l_tmpb_muskip=\muskip14
\g_tmpa_muskip=\muskip15
\g_tmpb_muskip=\muskip16
L3 Module: l3keys 2014/05/08 v4753 L3 Key-value interfaces
\g__keyval_level_int=\count130
\l_keys_choice_int=\count131
L3 Module: l3fp 2014/04/30 v4712 L3 Floating points
\c__fp_leading_shift_int=\count132
\c__fp_middle_shift_int=\count133
\c__fp_trailing_shift_int=\count134
\c__fp_big_leading_shift_int=\count135
\c__fp_big_middle_shift_int=\count136
\c__fp_big_trailing_shift_int=\count137
\c__fp_Bigg_leading_shift_int=\count138
\c__fp_Bigg_middle_shift_int=\count139
\c__fp_Bigg_trailing_shift_int=\count140
L3 Module: l3box 2014/05/04 v4728 L3 Experimental boxes
\c_empty_box=\box30
\l_tmpa_box=\box31
\l_tmpb_box=\box32
\g_tmpa_box=\box33
\g_tmpb_box=\box34
L3 Module: l3coffins 2014/05/04 v4728 L3 Coffin code layer
\l__coffin_internal_box=\box35
\l__coffin_internal_dim=\dimen151
\l__coffin_offset_x_dim=\dimen152
\l__coffin_offset_y_dim=\dimen153
\l__coffin_x_dim=\dimen154
\l__coffin_y_dim=\dimen155
\l__coffin_x_prime_dim=\dimen156
\l__coffin_y_prime_dim=\dimen157
\c_empty_coffin=\box36
\l__coffin_aligned_coffin=\box37
\l__coffin_aligned_internal_coffin=\box38
\l_tmpa_coffin=\box39
\l_tmpb_coffin=\box40
\l__coffin_display_coffin=\box41
\l__coffin_display_coord_coffin=\box42
\l__coffin_display_pole_coffin=\box43
\l__coffin_display_offset_dim=\dimen158
\l__coffin_display_x_dim=\dimen159
\l__coffin_display_y_dim=\dimen160
L3 Module: l3color 2014/04/30 v4712 L3 Experimental color support
L3 Module: l3luatex 2014/04/30 v4712 L3 Experimental LuaTeX-specific functions
\g__cctab_allocate_int=\count141
\g__cctab_stack_int=\count142
L3 Module: l3candidates 2014/05/04 v4734 L3 Experimental additions to l3kernel
\l__box_top_dim=\dimen161
\l__box_bottom_dim=\dimen162
\l__box_left_dim=\dimen163
\l__box_right_dim=\dimen164
\l__box_top_new_dim=\dimen165
\l__box_bottom_new_dim=\dimen166
\l__box_left_new_dim=\dimen167
\l__box_right_new_dim=\dimen168
\l__box_internal_box=\box44
\l__coffin_bounding_shift_dim=\dimen169
\l__coffin_left_corner_dim=\dimen170
\l__coffin_right_corner_dim=\dimen171
\l__coffin_bottom_corner_dim=\dimen172
\l__coffin_top_corner_dim=\dimen173
\l__coffin_scaled_total_height_dim=\dimen174
\l__coffin_scaled_width_dim=\dimen175
))
Package: breqn 2012/05/10 v0.98b Breaking equations

(/usr/local/texlive/2014/texmf-dist/tex/latex/mh/flexisym.sty
Package: flexisym 2013/03/16 v0.97c Make math characters macros
LaTeX Info: Redefining \textprime on input line 296.
LaTeX Info: Redefining \not on input line 354.

(/usr/local/texlive/2014/texmf-dist/tex/latex/mh/cmbase.sym
File: cmbase.sym 2007/12/19 v0.92
LaTeX Info: Redefining \hbar on input line 323.
LaTeX Info: Redefining \surd on input line 325.
LaTeX Info: Redefining \angle on input line 333.
LaTeX Info: Redefining \neq on input line 334.
LaTeX Info: Redefining \mapsto on input line 335.
LaTeX Info: Redefining \cong on input line 336.
LaTeX Info: Redefining \notin on input line 339.
LaTeX Info: Redefining \rightleftharpoons on input line 340.
LaTeX Info: Redefining \doteq on input line 341.
LaTeX Info: Redefining \hookrightarrow on input line 342.
LaTeX Info: Redefining \hookleftarrow on input line 343.
LaTeX Info: Redefining \bowtie on input line 344.
LaTeX Info: Redefining \models on input line 345.
LaTeX Info: Redefining \Longrightarrow on input line 346.
LaTeX Info: Redefining \longrightarrow on input line 347.
LaTeX Info: Redefining \Longleftarrow on input line 348.
LaTeX Info: Redefining \longleftarrow on input line 349.
LaTeX Info: Redefining \longmapsto on input line 350.
LaTeX Info: Redefining \longleftrightarrow on input line 351.
LaTeX Info: Redefining \Longleftrightarrow on input line 352.
LaTeX Info: Redefining \cdots on input line 356.
LaTeX Info: Redefining \vdots on input line 359.
LaTeX Info: Redefining \ddots on input line 364.
)
(/usr/local/texlive/2014/texmf-dist/tex/latex/mh/mathstyle.sty
Package: mathstyle 2011/08/03 v0.90 Tracking mathstyle implicitly
LaTeX Info: Redefining \displaystyle on input line 81.
LaTeX Info: Redefining \textstyle on input line 83.
LaTeX Info: Redefining \scriptstyle on input line 85.
LaTeX Info: Redefining \scriptscriptstyle on input line 87.
LaTeX Info: Redefining \genfrac on input line 121.
))
\inf@bad=\count143
\maxint=\count144
\listwidth=\dimen176
\eqnumsep=\dimen177
\eqmargin=\dimen178
\eqlinespacing=\skip68
\eqlineskip=\skip69
\eqlineskiplimit=\dimen179
\eqbinoffset=\muskip17
\eqdelimoffset=\muskip18
\eqindentstep=\dimen180
\eqstyle=\toks22
\eqbreakdepth=\count145
\eqinterlinepenalty=\count146
\intereqpenalty=\count147
\intereqskip=\skip70
\prerelpenalty=\count148
\prebinoppenalty=\count149
\Dmedmuskip=\muskip19
\Dthickmuskip=\muskip20
\eqleftskip=\skip71
\eqrightskip=\skip72
\eq@vspan=\skip73
\eq@binoffset=\muskip21
\EQ@box=\box45
\EQ@copy=\box46
\EQ@numbox=\box47
\eq@wdNum=\dimen181
\GRP@numbox=\box48
\grp@wdNum=\dimen182
\eq@lines=\count150
\eq@curline=\count151
\eq@badness=\count152
\EQ@vims=\count153
\eq@dp=\dimen183
\eq@wdL=\dimen184
\eq@wdT=\dimen185
\eq@wdMin=\dimen186
\grp@wdL=\dimen187
\grp@wdR=\dimen188
\grp@wdT=\dimen189
\eq@wdRmax=\dimen190
\eq@firstht=\dimen191
\eq@wdCond=\dimen192
\eq@indentstep=\dimen193
\eq@linewidth=\dimen194
\grp@linewidth=\dimen195
\eq@hshift=\dimen196
\eq@given@sidespace=\dimen197
\mathindent=\dimen198
\eq@final@linecount=\count154
\eq@wdR=\dimen199
\EQ@continue=\toks23
\lr@level=\count155
\GRP@queue=\toks24
\GRP@box=\box49
\GRP@wholebox=\box50
\darraycolsep=\skip74
\cur@row=\count156
\cur@col=\count157
\conditionsep=\skip75
)
(/usr/local/texlive/2014/texmf-dist/tex/latex/tools/bm.sty
Package: bm 2004/02/26 v1.1c Bold Symbol Support (DPC/FMi)
\symboldoperators=\mathgroup7
\symboldletters=\mathgroup8
\symboldsymbols=\mathgroup9
\symboldlasy=\mathgroup10
LaTeX Font Info:    Redeclaring math alphabet \mathbf on input line 137.
LaTeX Info: Redefining \bm on input line 203.
)
(/usr/local/texlive/2014/texmf-dist/tex/latex/pgf/frontendlayer/tikz.sty
(/usr/local/texlive/2014/texmf-dist/tex/latex/pgf/basiclayer/pgf.sty
(/usr/local/texlive/2014/texmf-dist/tex/latex/pgf/utilities/pgfrcs.sty
(/usr/local/texlive/2014/texmf-dist/tex/generic/pgf/utilities/pgfutil-common.te
x
\pgfutil@everybye=\toks25
\pgfutil@tempdima=\dimen200
\pgfutil@tempdimb=\dimen201

(/usr/local/texlive/2014/texmf-dist/tex/generic/pgf/utilities/pgfutil-common-li
sts.tex))
(/usr/local/texlive/2014/texmf-dist/tex/generic/pgf/utilities/pgfutil-latex.def
\pgfutil@abb=\box51
(/usr/local/texlive/2014/texmf-dist/tex/latex/ms/everyshi.sty
Package: everyshi 2001/05/15 v3.00 EveryShipout Package (MS)
))
(/usr/local/texlive/2014/texmf-dist/tex/generic/pgf/utilities/pgfrcs.code.tex
Package: pgfrcs 2013/12/20 v3.0.0 (rcs-revision 1.28)
))
Package: pgf 2013/12/18 v3.0.0 (rcs-revision 1.14)
(/usr/local/texlive/2014/texmf-dist/tex/latex/pgf/basiclayer/pgfcore.sty
(/usr/local/texlive/2014/texmf-dist/tex/latex/pgf/systemlayer/pgfsys.sty
(/usr/local/texlive/2014/texmf-dist/tex/generic/pgf/systemlayer/pgfsys.code.tex
Package: pgfsys 2013/11/30 v3.0.0 (rcs-revision 1.47)
(/usr/local/texlive/2014/texmf-dist/tex/generic/pgf/utilities/pgfkeys.code.tex
\pgfkeys@pathtoks=\toks26
\pgfkeys@temptoks=\toks27

(/usr/local/texlive/2014/texmf-dist/tex/generic/pgf/utilities/pgfkeysfiltered.c
ode.tex
\pgfkeys@tmptoks=\toks28
))
Normal \dimen register pool exhausted, switching to extended pool.
\pgf@x=\dimen256
\pgf@y=\dimen257
\pgf@xa=\dimen258
\pgf@ya=\dimen259
\pgf@xb=\dimen260
\pgf@yb=\dimen261
\pgf@xc=\dimen262
\pgf@yc=\dimen263
\w@pgf@writea=\write3
\r@pgf@reada=\read1
\c@pgf@counta=\count158
\c@pgf@countb=\count159
\c@pgf@countc=\count160
\c@pgf@countd=\count161
\t@pgf@toka=\toks29
\t@pgf@tokb=\toks30
\t@pgf@tokc=\toks31

(/usr/local/texlive/2014/texmf-dist/tex/generic/pgf/systemlayer/pgf.cfg
File: pgf.cfg 2008/05/14  (rcs-revision 1.7)
)
Driver file for pgf: pgfsys-pdftex.def

(/usr/local/texlive/2014/texmf-dist/tex/generic/pgf/systemlayer/pgfsys-pdftex.d
ef
File: pgfsys-pdftex.def 2013/07/18  (rcs-revision 1.33)

(/usr/local/texlive/2014/texmf-dist/tex/generic/pgf/systemlayer/pgfsys-common-p
df.def
File: pgfsys-common-pdf.def 2013/10/10  (rcs-revision 1.13)
)))
(/usr/local/texlive/2014/texmf-dist/tex/generic/pgf/systemlayer/pgfsyssoftpath.
code.tex
File: pgfsyssoftpath.code.tex 2013/09/09  (rcs-revision 1.9)
\pgfsyssoftpath@smallbuffer@items=\count162
\pgfsyssoftpath@bigbuffer@items=\count163
)
(/usr/local/texlive/2014/texmf-dist/tex/generic/pgf/systemlayer/pgfsysprotocol.
code.tex
File: pgfsysprotocol.code.tex 2006/10/16  (rcs-revision 1.4)
)) (/usr/local/texlive/2014/texmf-dist/tex/latex/xcolor/xcolor.sty
Package: xcolor 2007/01/21 v2.11 LaTeX color extensions (UK)

(/usr/local/texlive/2014/texmf-dist/tex/latex/latexconfig/color.cfg
File: color.cfg 2007/01/18 v1.5 color configuration of teTeX/TeXLive
)
Package xcolor Info: Driver file: pdftex.def on input line 225.
Package xcolor Info: Model `cmy' substituted by `cmy0' on input line 1337.
Package xcolor Info: Model `hsb' substituted by `rgb' on input line 1341.
Package xcolor Info: Model `RGB' extended on input line 1353.
Package xcolor Info: Model `HTML' substituted by `rgb' on input line 1355.
Package xcolor Info: Model `Hsb' substituted by `hsb' on input line 1356.
Package xcolor Info: Model `tHsb' substituted by `hsb' on input line 1357.
Package xcolor Info: Model `HSB' substituted by `hsb' on input line 1358.
Package xcolor Info: Model `Gray' substituted by `gray' on input line 1359.
Package xcolor Info: Model `wave' substituted by `hsb' on input line 1360.
)
(/usr/local/texlive/2014/texmf-dist/tex/generic/pgf/basiclayer/pgfcore.code.tex
Package: pgfcore 2010/04/11 v3.0.0 (rcs-revision 1.7)
(/usr/local/texlive/2014/texmf-dist/tex/generic/pgf/math/pgfmath.code.tex
(/usr/local/texlive/2014/texmf-dist/tex/generic/pgf/math/pgfmathcalc.code.tex
(/usr/local/texlive/2014/texmf-dist/tex/generic/pgf/math/pgfmathutil.code.tex)
(/usr/local/texlive/2014/texmf-dist/tex/generic/pgf/math/pgfmathparser.code.tex
\pgfmath@dimen=\dimen264
\pgfmath@count=\count164
\pgfmath@box=\box52
\pgfmath@toks=\toks32
\pgfmath@stack@operand=\toks33
\pgfmath@stack@operation=\toks34
)
(/usr/local/texlive/2014/texmf-dist/tex/generic/pgf/math/pgfmathfunctions.code.
tex
(/usr/local/texlive/2014/texmf-dist/tex/generic/pgf/math/pgfmathfunctions.basic
.code.tex)
(/usr/local/texlive/2014/texmf-dist/tex/generic/pgf/math/pgfmathfunctions.trigo
nometric.code.tex)
(/usr/local/texlive/2014/texmf-dist/tex/generic/pgf/math/pgfmathfunctions.rando
m.code.tex)
(/usr/local/texlive/2014/texmf-dist/tex/generic/pgf/math/pgfmathfunctions.compa
rison.code.tex)
(/usr/local/texlive/2014/texmf-dist/tex/generic/pgf/math/pgfmathfunctions.base.
code.tex)
(/usr/local/texlive/2014/texmf-dist/tex/generic/pgf/math/pgfmathfunctions.round
.code.tex)
(/usr/local/texlive/2014/texmf-dist/tex/generic/pgf/math/pgfmathfunctions.misc.
code.tex)
(/usr/local/texlive/2014/texmf-dist/tex/generic/pgf/math/pgfmathfunctions.integ
erarithmetics.code.tex)))
(/usr/local/texlive/2014/texmf-dist/tex/generic/pgf/math/pgfmathfloat.code.tex
\c@pgfmathroundto@lastzeros=\count165
))
(/usr/local/texlive/2014/texmf-dist/tex/generic/pgf/basiclayer/pgfcorepoints.co
de.tex
File: pgfcorepoints.code.tex 2013/10/07  (rcs-revision 1.27)
\pgf@picminx=\dimen265
\pgf@picmaxx=\dimen266
\pgf@picminy=\dimen267
\pgf@picmaxy=\dimen268
\pgf@pathminx=\dimen269
\pgf@pathmaxx=\dimen270
\pgf@pathminy=\dimen271
\pgf@pathmaxy=\dimen272
\pgf@xx=\dimen273
\pgf@xy=\dimen274
\pgf@yx=\dimen275
\pgf@yy=\dimen276
\pgf@zx=\dimen277
\pgf@zy=\dimen278
)
(/usr/local/texlive/2014/texmf-dist/tex/generic/pgf/basiclayer/pgfcorepathconst
ruct.code.tex
File: pgfcorepathconstruct.code.tex 2013/10/07  (rcs-revision 1.29)
\pgf@path@lastx=\dimen279
\pgf@path@lasty=\dimen280
)
(/usr/local/texlive/2014/texmf-dist/tex/generic/pgf/basiclayer/pgfcorepathusage
.code.tex
File: pgfcorepathusage.code.tex 2013/12/13  (rcs-revision 1.23)
\pgf@shorten@end@additional=\dimen281
\pgf@shorten@start@additional=\dimen282
)
(/usr/local/texlive/2014/texmf-dist/tex/generic/pgf/basiclayer/pgfcorescopes.co
de.tex
File: pgfcorescopes.code.tex 2013/10/09  (rcs-revision 1.44)
\pgfpic=\box53
\pgf@hbox=\box54
\pgf@layerbox@main=\box55
\pgf@picture@serial@count=\count166
)
(/usr/local/texlive/2014/texmf-dist/tex/generic/pgf/basiclayer/pgfcoregraphicst
ate.code.tex
File: pgfcoregraphicstate.code.tex 2013/09/19  (rcs-revision 1.11)
\pgflinewidth=\dimen283
)
(/usr/local/texlive/2014/texmf-dist/tex/generic/pgf/basiclayer/pgfcoretransform
ations.code.tex
File: pgfcoretransformations.code.tex 2013/10/10  (rcs-revision 1.17)
\pgf@pt@x=\dimen284
\pgf@pt@y=\dimen285
\pgf@pt@temp=\dimen286
)
(/usr/local/texlive/2014/texmf-dist/tex/generic/pgf/basiclayer/pgfcorequick.cod
e.tex
File: pgfcorequick.code.tex 2008/10/09  (rcs-revision 1.3)
)
(/usr/local/texlive/2014/texmf-dist/tex/generic/pgf/basiclayer/pgfcoreobjects.c
ode.tex
File: pgfcoreobjects.code.tex 2006/10/11  (rcs-revision 1.2)
)
(/usr/local/texlive/2014/texmf-dist/tex/generic/pgf/basiclayer/pgfcorepathproce
ssing.code.tex
File: pgfcorepathprocessing.code.tex 2013/09/09  (rcs-revision 1.9)
)
(/usr/local/texlive/2014/texmf-dist/tex/generic/pgf/basiclayer/pgfcorearrows.co
de.tex
File: pgfcorearrows.code.tex 2013/11/07  (rcs-revision 1.40)
\pgfarrowsep=\dimen287
)
(/usr/local/texlive/2014/texmf-dist/tex/generic/pgf/basiclayer/pgfcoreshade.cod
e.tex
File: pgfcoreshade.code.tex 2013/07/15  (rcs-revision 1.15)
\pgf@max=\dimen288
\pgf@sys@shading@range@num=\count167
)
(/usr/local/texlive/2014/texmf-dist/tex/generic/pgf/basiclayer/pgfcoreimage.cod
e.tex
File: pgfcoreimage.code.tex 2013/07/15  (rcs-revision 1.18)

(/usr/local/texlive/2014/texmf-dist/tex/generic/pgf/basiclayer/pgfcoreexternal.
code.tex
File: pgfcoreexternal.code.tex 2013/07/15  (rcs-revision 1.20)
\pgfexternal@startupbox=\box56
))
(/usr/local/texlive/2014/texmf-dist/tex/generic/pgf/basiclayer/pgfcorelayers.co
de.tex
File: pgfcorelayers.code.tex 2013/07/18  (rcs-revision 1.7)
)
(/usr/local/texlive/2014/texmf-dist/tex/generic/pgf/basiclayer/pgfcoretranspare
ncy.code.tex
File: pgfcoretransparency.code.tex 2013/09/30  (rcs-revision 1.5)
)
(/usr/local/texlive/2014/texmf-dist/tex/generic/pgf/basiclayer/pgfcorepatterns.
code.tex
File: pgfcorepatterns.code.tex 2013/11/07  (rcs-revision 1.5)
)))
(/usr/local/texlive/2014/texmf-dist/tex/generic/pgf/modules/pgfmoduleshapes.cod
e.tex
File: pgfmoduleshapes.code.tex 2013/10/31  (rcs-revision 1.34)
\pgfnodeparttextbox=\box57
)
(/usr/local/texlive/2014/texmf-dist/tex/generic/pgf/modules/pgfmoduleplot.code.
tex
File: pgfmoduleplot.code.tex 2013/07/31  (rcs-revision 1.12)
)
(/usr/local/texlive/2014/texmf-dist/tex/latex/pgf/compatibility/pgfcomp-version
-0-65.sty
Package: pgfcomp-version-0-65 2007/07/03 v3.0.0 (rcs-revision 1.7)
\pgf@nodesepstart=\dimen289
\pgf@nodesepend=\dimen290
)
(/usr/local/texlive/2014/texmf-dist/tex/latex/pgf/compatibility/pgfcomp-version
-1-18.sty
Package: pgfcomp-version-1-18 2007/07/23 v3.0.0 (rcs-revision 1.1)
))
(/usr/local/texlive/2014/texmf-dist/tex/latex/pgf/utilities/pgffor.sty
(/usr/local/texlive/2014/texmf-dist/tex/latex/pgf/utilities/pgfkeys.sty
(/usr/local/texlive/2014/texmf-dist/tex/generic/pgf/utilities/pgfkeys.code.tex)
) (/usr/local/texlive/2014/texmf-dist/tex/latex/pgf/math/pgfmath.sty
(/usr/local/texlive/2014/texmf-dist/tex/generic/pgf/math/pgfmath.code.tex))
(/usr/local/texlive/2014/texmf-dist/tex/generic/pgf/utilities/pgffor.code.tex
Package: pgffor 2013/12/13 v3.0.0 (rcs-revision 1.25)

(/usr/local/texlive/2014/texmf-dist/tex/generic/pgf/math/pgfmath.code.tex)
\pgffor@iter=\dimen291
\pgffor@skip=\dimen292
\pgffor@stack=\toks35
\pgffor@toks=\toks36
))
(/usr/local/texlive/2014/texmf-dist/tex/generic/pgf/frontendlayer/tikz/tikz.cod
e.tex
Package: tikz 2013/12/13 v3.0.0 (rcs-revision 1.142)

(/usr/local/texlive/2014/texmf-dist/tex/generic/pgf/libraries/pgflibraryplothan
dlers.code.tex
File: pgflibraryplothandlers.code.tex 2013/08/31 v3.0.0 (rcs-revision 1.20)
\pgf@plot@mark@count=\count168
\pgfplotmarksize=\dimen293
)
\tikz@lastx=\dimen294
\tikz@lasty=\dimen295
\tikz@lastxsaved=\dimen296
\tikz@lastysaved=\dimen297
\tikzleveldistance=\dimen298
\tikzsiblingdistance=\dimen299
\tikz@figbox=\box58
\tikz@figbox@bg=\box59
\tikz@tempbox=\box60
\tikz@tempbox@bg=\box61
\tikztreelevel=\count169
\tikznumberofchildren=\count170
\tikznumberofcurrentchild=\count171
\tikz@fig@count=\count172

(/usr/local/texlive/2014/texmf-dist/tex/generic/pgf/modules/pgfmodulematrix.cod
e.tex
File: pgfmodulematrix.code.tex 2013/09/17  (rcs-revision 1.8)
\pgfmatrixcurrentrow=\count173
\pgfmatrixcurrentcolumn=\count174
\pgf@matrix@numberofcolumns=\count175
)
\tikz@expandcount=\count176

(/usr/local/texlive/2014/texmf-dist/tex/generic/pgf/frontendlayer/tikz/librarie
s/tikzlibrarytopaths.code.tex
File: tikzlibrarytopaths.code.tex 2008/06/17 v3.0.0 (rcs-revision 1.2)
)))
(/usr/local/texlive/2014/texmf-dist/tex/latex/tocloft/tocloft.sty
Package: tocloft 2013/05/02 v2.3f parameterised ToC, etc., typesetting
Package tocloft Info: The document has chapter divisions on input line 44.
\cftparskip=\skip76
\cftbeforetoctitleskip=\skip77
\cftaftertoctitleskip=\skip78
\cftbeforepartskip=\skip79
\cftpartnumwidth=\skip80
\cftpartindent=\skip81
\cftbeforechapskip=\skip82
\cftchapindent=\skip83
\cftchapnumwidth=\skip84
\cftbeforesecskip=\skip85
\cftsecindent=\skip86
\cftsecnumwidth=\skip87
\cftbeforesubsecskip=\skip88
\cftsubsecindent=\skip89
\cftsubsecnumwidth=\skip90
\cftbeforesubsubsecskip=\skip91
\cftsubsubsecindent=\skip92
\cftsubsubsecnumwidth=\skip93
\cftbeforeparaskip=\skip94
\cftparaindent=\skip95
\cftparanumwidth=\skip96
\cftbeforesubparaskip=\skip97
\cftsubparaindent=\skip98
\cftsubparanumwidth=\skip99
\cftbeforeloftitleskip=\skip100
\cftafterloftitleskip=\skip101
\cftbeforefigskip=\skip102
\cftfigindent=\skip103
\cftfignumwidth=\skip104
\c@lofdepth=\count177
\c@lotdepth=\count178
\cftbeforelottitleskip=\skip105
\cftafterlottitleskip=\skip106
\cftbeforetabskip=\skip107
\cfttabindent=\skip108
\cfttabnumwidth=\skip109
)
(/usr/local/texlive/2014/texmf-dist/tex/latex/tools/indentfirst.sty
Package: indentfirst 1995/11/23 v1.03 Indent first paragraph (DPC)
)
(/usr/local/texlive/2014/texmf-dist/tex/latex/etoolbox/etoolbox.sty
Package: etoolbox 2011/01/03 v2.1 e-TeX tools for LaTeX
\etb@tempcnta=\count179


Package etoolbox Warning: Patching '\end' failed!
(etoolbox)                '\AfterEndEnvironment' will not work.

) (./ULL-style.sty
Package: ULL-style 7/17/2017 v1.0 ULL style parameters
) (d3c19e3736d6606f5d6322b291c026e9/ULL_thesis_template.aux)
\openout1 = `ULL_thesis_template.aux'.

LaTeX Font Info:    Checking defaults for OML/cmm/m/it on input line 60.
LaTeX Font Info:    ... okay on input line 60.
LaTeX Font Info:    Checking defaults for T1/cmr/m/n on input line 60.
LaTeX Font Info:    ... okay on input line 60.
LaTeX Font Info:    Checking defaults for OT1/cmr/m/n on input line 60.
LaTeX Font Info:    ... okay on input line 60.
LaTeX Font Info:    Checking defaults for OMS/cmsy/m/n on input line 60.
LaTeX Font Info:    ... okay on input line 60.
LaTeX Font Info:    Checking defaults for OMX/cmex/m/n on input line 60.
LaTeX Font Info:    ... okay on input line 60.
LaTeX Font Info:    Checking defaults for U/cmr/m/n on input line 60.
LaTeX Font Info:    ... okay on input line 60.

(/usr/local/texlive/2014/texmf-dist/tex/context/base/supp-pdf.mkii
[Loading MPS to PDF converter (version 2006.09.02).]
\scratchcounter=\count180
\scratchdimen=\dimen300
\scratchbox=\box62
\nofMPsegments=\count181
\nofMParguments=\count182
\everyMPshowfont=\toks37
\MPscratchCnt=\count183
\MPscratchDim=\dimen301
\MPnumerator=\count184
\makeMPintoPDFobject=\count185
\everyMPtoPDFconversion=\toks38
) (/usr/local/texlive/2014/texmf-dist/tex/generic/oberdiek/pdftexcmds.sty
Package: pdftexcmds 2011/11/29 v0.20 Utility functions of pdfTeX for LuaTeX (HO
)

(/usr/local/texlive/2014/texmf-dist/tex/generic/oberdiek/ifluatex.sty
Package: ifluatex 2010/03/01 v1.3 Provides the ifluatex switch (HO)
Package ifluatex Info: LuaTeX not detected.
)
Package pdftexcmds Info: LuaTeX not detected.
Package pdftexcmds Info: \pdf@primitive is available.
Package pdftexcmds Info: \pdf@ifprimitive is available.
Package pdftexcmds Info: \pdfdraftmode found.
)
(/usr/local/texlive/2014/texmf-dist/tex/latex/oberdiek/epstopdf-base.sty
Package: epstopdf-base 2010/02/09 v2.5 Base part for package epstopdf

(/usr/local/texlive/2014/texmf-dist/tex/latex/oberdiek/grfext.sty
Package: grfext 2010/08/19 v1.1 Manage graphics extensions (HO)

(/usr/local/texlive/2014/texmf-dist/tex/generic/oberdiek/kvdefinekeys.sty
Package: kvdefinekeys 2011/04/07 v1.3 Define keys (HO)
))
(/usr/local/texlive/2014/texmf-dist/tex/latex/oberdiek/kvoptions.sty
Package: kvoptions 2011/06/30 v3.11 Key value format for package options (HO)

(/usr/local/texlive/2014/texmf-dist/tex/generic/oberdiek/kvsetkeys.sty
Package: kvsetkeys 2012/04/25 v1.16 Key value parser (HO)

(/usr/local/texlive/2014/texmf-dist/tex/generic/oberdiek/etexcmds.sty
Package: etexcmds 2011/02/16 v1.5 Avoid name clashes with e-TeX commands (HO)
Package etexcmds Info: Could not find \expanded.
(etexcmds)             That can mean that you are not using pdfTeX 1.50 or
(etexcmds)             that some package has redefined \expanded.
(etexcmds)             In the latter case, load this package earlier.
)))
Package grfext Info: Graphics extension search list:
(grfext)             [.png,.pdf,.jpg,.mps,.jpeg,.jbig2,.jb2,.PNG,.PDF,.JPG,.JPE
G,.JBIG2,.JB2,.eps]
(grfext)             \AppendGraphicsExtensions on input line 452.

(/usr/local/texlive/2014/texmf-dist/tex/latex/latexconfig/epstopdf-sys.cfg
File: epstopdf-sys.cfg 2010/07/13 v1.3 Configuration of (r)epstopdf for TeX Liv
e
))
Package caption Info: Begin \AtBeginDocument code.
Package caption Info: End \AtBeginDocument code.

ABD: EveryShipout initializing macros
LaTeX Font Info:    Try loading font information for U+msa on input line 66.

(/usr/local/texlive/2014/texmf-dist/tex/latex/amsfonts/umsa.fd
File: umsa.fd 2013/01/14 v3.01 AMS symbols A
)
LaTeX Font Info:    Try loading font information for U+msb on input line 66.

(/usr/local/texlive/2014/texmf-dist/tex/latex/amsfonts/umsb.fd
File: umsb.fd 2013/01/14 v3.01 AMS symbols B
)
LaTeX Font Info:    Try loading font information for U+lasy on input line 66.

(/usr/local/texlive/2014/texmf-dist/tex/latex/base/ulasy.fd
File: ulasy.fd 1998/08/17 v2.2e LaTeX symbol font definitions
)
LaTeX Font Info:    Font shape `U/lasy/b/n' in size <8> not available
(Font)              Font shape `U/lasy/m/n' tried instead on input line 66.
LaTeX Font Info:    Font shape `U/lasy/b/n' in size <6> not available
(Font)              Font shape `U/lasy/m/n' tried instead on input line 66.

Underfull \hbox (badness 10000) has occurred while \output is active
 
 []


Underfull \hbox (badness 10000) has occurred while \output is active
 
 []

[1

{/usr/local/texlive/2014/texmf-var/fonts/map/pdftex/updmap/pdftex.map}]
LaTeX Font Info:    Try loading font information for OMS+cmr on input line 66.

(/usr/local/texlive/2014/texmf-dist/tex/latex/base/omscmr.fd
File: omscmr.fd 1999/05/25 v2.5h Standard LaTeX font definitions
)
LaTeX Font Info:    Font shape `OMS/cmr/m/n' in size <12> not available
(Font)              Font shape `OMS/cmsy/m/n' tried instead on input line 66.

Underfull \hbox (badness 10000) has occurred while \output is active
 
 []


Underfull \hbox (badness 10000) has occurred while \output is active
 
 []

[2

]
SIGNATURES: 4

Overfull \hbox (18.07135pt too wide) in paragraph at lines 66--66
 [][][] 
 []

(./dedication.tex
***************** Dedication ******************

Underfull \hbox (badness 10000) has occurred while \output is active
 
 []


Underfull \hbox (badness 10000) has occurred while \output is active
 
 []

[3

]) (./epigraph.tex
***************** Epigraph ******************

Underfull \hbox (badness 10000) has occurred while \output is active
 
 []


Underfull \hbox (badness 10000) has occurred while \output is active
 
 []

[4


]) (./acknowledgements.tex
***************** Acknowledgments ******************

Underfull \hbox (badness 10000) has occurred while \output is active
 
 []


Underfull \hbox (badness 10000) has occurred while \output is active
 
 []

[5


])
Underfull \hbox (badness 10000) has occurred while \output is active
 
 []


Underfull \hbox (badness 10000) has occurred while \output is active
 
 []

[6


] (d3c19e3736d6606f5d6322b291c026e9/ULL_thesis_template.toc)
\tf@toc=\write4
\openout4 = `ULL_thesis_template.toc'.


Underfull \hbox (badness 10000) has occurred while \output is active
 
 []


Underfull \hbox (badness 10000) has occurred while \output is active
 
 []

[7

] (d3c19e3736d6606f5d6322b291c026e9/ULL_thesis_template.lof)
\tf@lof=\write5
\openout5 = `ULL_thesis_template.lof'.


Underfull \hbox (badness 10000) has occurred while \output is active
 
 []


Underfull \hbox (badness 10000) has occurred while \output is active
 
 []

[8

] (./chapter1.tex
\let \relax \fontsize {12}{14.5}\selectfont \abovedisplayskip 12\p@ plus3\p@ mi
nus7\p@ \abovedisplayshortskip \z@ plus3\p@ \belowdisplayshortskip 6.5\p@ plus3
.5\p@ minus3\p@ \belowdisplayskip \abovedisplayskip \let \leftmargin \leftmargi
ni \parsep 5\p@ plus2.5\p@ minus\p@ \topsep 10\p@ plus4\p@ minus6\p@ \itemsep 5
\p@ plus2.5\p@ minus\p@ \leftmargin \leftmargini \parsep 5\p@ plus2.5\p@ minus\
p@ \topsep 10\p@ plus4\p@ minus6\p@ \itemsep 5\p@ plus2.5\p@ minus\p@ =\relax \
fontsize {12}{14.5}\selectfont \abovedisplayskip 12\p@ plus3\p@ minus7\p@ \abov
edisplayshortskip \z@ plus3\p@ \belowdisplayshortskip 6.5\p@ plus3.5\p@ minus3\
p@ \belowdisplayskip \abovedisplayskip \let \leftmargin \leftmargini \parsep 5\
p@ plus2.5\p@ minus\p@ \topsep 10\p@ plus4\p@ minus6\p@ \itemsep 5\p@ plus2.5\p
@ minus\p@ \leftmargin \leftmargini \parsep 5\p@ plus2.5\p@ minus\p@ \topsep 10
\p@ plus4\p@ minus6\p@ \itemsep 5\p@ plus2.5\p@ minus\p@ \relax \fontsize {12}{
14.5}\selectfont \abovedisplayskip 12\p@ plus3\p@ minus7\p@ \abovedisplayshorts
kip \z@ plus3\p@ \belowdisplayshortskip 6.5\p@ plus3.5\p@ minus3\p@ \belowdispl
ayskip \abovedisplayskip \let \leftmargin \leftmargini \parsep 5\p@ plus2.5\p@ 
minus\p@ \topsep 10\p@ plus4\p@ minus6\p@ \itemsep 5\p@ plus2.5\p@ minus\p@ \le
ftmargin \leftmargini \parsep 5\p@ plus2.5\p@ minus\p@ \topsep 10\p@ plus4\p@ m
inus6\p@ \itemsep 5\p@ plus2.5\p@ minus\p@ {} I.
<Figures/Latex.pdf, id=35, 424.61937pt x 312.6039pt>
File: Figures/Latex.pdf Graphic file (type pdf)
 <use Figures/Latex.pdf>
Package pdftex.def Info: Figures/Latex.pdf used on input line 8.
(pdftex.def)             Requested size: 225.84375pt x 166.26598pt.

Underfull \hbox (badness 10000) has occurred while \output is active
 
 []


Underfull \hbox (badness 10000) has occurred while \output is active
 
 []

[1

 <./Figures/Latex.pdf>]) (./chapter2.tex [2]
\let \relax \fontsize {12}{14.5}\selectfont \abovedisplayskip 12\p@ plus3\p@ mi
nus7\p@ \abovedisplayshortskip \z@ plus3\p@ \belowdisplayshortskip 6.5\p@ plus3
.5\p@ minus3\p@ \belowdisplayskip \abovedisplayskip \let \leftmargin \leftmargi
ni \parsep 5\p@ plus2.5\p@ minus\p@ \topsep 10\p@ plus4\p@ minus6\p@ \itemsep 5
\p@ plus2.5\p@ minus\p@ \leftmargin \leftmargini \parsep 5\p@ plus2.5\p@ minus\
p@ \topsep 10\p@ plus4\p@ minus6\p@ \itemsep 5\p@ plus2.5\p@ minus\p@ =\relax \
fontsize {12}{14.5}\selectfont \abovedisplayskip 12\p@ plus3\p@ minus7\p@ \abov
edisplayshortskip \z@ plus3\p@ \belowdisplayshortskip 6.5\p@ plus3.5\p@ minus3\
p@ \belowdisplayskip \abovedisplayskip \let \leftmargin \leftmargini \parsep 5\
p@ plus2.5\p@ minus\p@ \topsep 10\p@ plus4\p@ minus6\p@ \itemsep 5\p@ plus2.5\p
@ minus\p@ \leftmargin \leftmargini \parsep 5\p@ plus2.5\p@ minus\p@ \topsep 10
\p@ plus4\p@ minus6\p@ \itemsep 5\p@ plus2.5\p@ minus\p@ \relax \fontsize {12}{
14.5}\selectfont \abovedisplayskip 12\p@ plus3\p@ minus7\p@ \abovedisplayshorts
kip \z@ plus3\p@ \belowdisplayshortskip 6.5\p@ plus3.5\p@ minus3\p@ \belowdispl
ayskip \abovedisplayskip \let \leftmargin \leftmargini \parsep 5\p@ plus2.5\p@ 
minus\p@ \topsep 10\p@ plus4\p@ minus6\p@ \itemsep 5\p@ plus2.5\p@ minus\p@ \le
ftmargin \leftmargini \parsep 5\p@ plus2.5\p@ minus\p@ \topsep 10\p@ plus4\p@ m
inus6\p@ \itemsep 5\p@ plus2.5\p@ minus\p@ {} II.
)
Underfull \hbox (badness 10000) has occurred while \output is active
 
 []


Underfull \hbox (badness 10000) has occurred while \output is active
 
 []

[3

] (./chapter3.tex [4]
\let \relax \fontsize {12}{14.5}\selectfont \abovedisplayskip 12\p@ plus3\p@ mi
nus7\p@ \abovedisplayshortskip \z@ plus3\p@ \belowdisplayshortskip 6.5\p@ plus3
.5\p@ minus3\p@ \belowdisplayskip \abovedisplayskip \let \leftmargin \leftmargi
ni \parsep 5\p@ plus2.5\p@ minus\p@ \topsep 10\p@ plus4\p@ minus6\p@ \itemsep 5
\p@ plus2.5\p@ minus\p@ \leftmargin \leftmargini \parsep 5\p@ plus2.5\p@ minus\
p@ \topsep 10\p@ plus4\p@ minus6\p@ \itemsep 5\p@ plus2.5\p@ minus\p@ =\relax \
fontsize {12}{14.5}\selectfont \abovedisplayskip 12\p@ plus3\p@ minus7\p@ \abov
edisplayshortskip \z@ plus3\p@ \belowdisplayshortskip 6.5\p@ plus3.5\p@ minus3\
p@ \belowdisplayskip \abovedisplayskip \let \leftmargin \leftmargini \parsep 5\
p@ plus2.5\p@ minus\p@ \topsep 10\p@ plus4\p@ minus6\p@ \itemsep 5\p@ plus2.5\p
@ minus\p@ \leftmargin \leftmargini \parsep 5\p@ plus2.5\p@ minus\p@ \topsep 10
\p@ plus4\p@ minus6\p@ \itemsep 5\p@ plus2.5\p@ minus\p@ \relax \fontsize {12}{
14.5}\selectfont \abovedisplayskip 12\p@ plus3\p@ minus7\p@ \abovedisplayshorts
kip \z@ plus3\p@ \belowdisplayshortskip 6.5\p@ plus3.5\p@ minus3\p@ \belowdispl
ayskip \abovedisplayskip \let \leftmargin \leftmargini \parsep 5\p@ plus2.5\p@ 
minus\p@ \topsep 10\p@ plus4\p@ minus6\p@ \itemsep 5\p@ plus2.5\p@ minus\p@ \le
ftmargin \leftmargini \parsep 5\p@ plus2.5\p@ minus\p@ \topsep 10\p@ plus4\p@ m
inus6\p@ \itemsep 5\p@ plus2.5\p@ minus\p@ {} III.
)
Underfull \hbox (badness 10000) has occurred while \output is active
 
 []


Underfull \hbox (badness 10000) has occurred while \output is active
 
 []

[5

] (./chapter4.tex [6]
\let \relax \fontsize {12}{14.5}\selectfont \abovedisplayskip 12\p@ plus3\p@ mi
nus7\p@ \abovedisplayshortskip \z@ plus3\p@ \belowdisplayshortskip 6.5\p@ plus3
.5\p@ minus3\p@ \belowdisplayskip \abovedisplayskip \let \leftmargin \leftmargi
ni \parsep 5\p@ plus2.5\p@ minus\p@ \topsep 10\p@ plus4\p@ minus6\p@ \itemsep 5
\p@ plus2.5\p@ minus\p@ \leftmargin \leftmargini \parsep 5\p@ plus2.5\p@ minus\
p@ \topsep 10\p@ plus4\p@ minus6\p@ \itemsep 5\p@ plus2.5\p@ minus\p@ =\relax \
fontsize {12}{14.5}\selectfont \abovedisplayskip 12\p@ plus3\p@ minus7\p@ \abov
edisplayshortskip \z@ plus3\p@ \belowdisplayshortskip 6.5\p@ plus3.5\p@ minus3\
p@ \belowdisplayskip \abovedisplayskip \let \leftmargin \leftmargini \parsep 5\
p@ plus2.5\p@ minus\p@ \topsep 10\p@ plus4\p@ minus6\p@ \itemsep 5\p@ plus2.5\p
@ minus\p@ \leftmargin \leftmargini \parsep 5\p@ plus2.5\p@ minus\p@ \topsep 10
\p@ plus4\p@ minus6\p@ \itemsep 5\p@ plus2.5\p@ minus\p@ \relax \fontsize {12}{
14.5}\selectfont \abovedisplayskip 12\p@ plus3\p@ minus7\p@ \abovedisplayshorts
kip \z@ plus3\p@ \belowdisplayshortskip 6.5\p@ plus3.5\p@ minus3\p@ \belowdispl
ayskip \abovedisplayskip \let \leftmargin \leftmargini \parsep 5\p@ plus2.5\p@ 
minus\p@ \topsep 10\p@ plus4\p@ minus6\p@ \itemsep 5\p@ plus2.5\p@ minus\p@ \le
ftmargin \leftmargini \parsep 5\p@ plus2.5\p@ minus\p@ \topsep 10\p@ plus4\p@ m
inus6\p@ \itemsep 5\p@ plus2.5\p@ minus\p@ {} IV.
)
Underfull \hbox (badness 10000) has occurred while \output is active
 
 []


Underfull \hbox (badness 10000) has occurred while \output is active
 
 []

[7

] (./chapter5.tex [8]
\let \relax \fontsize {12}{14.5}\selectfont \abovedisplayskip 12\p@ plus3\p@ mi
nus7\p@ \abovedisplayshortskip \z@ plus3\p@ \belowdisplayshortskip 6.5\p@ plus3
.5\p@ minus3\p@ \belowdisplayskip \abovedisplayskip \let \leftmargin \leftmargi
ni \parsep 5\p@ plus2.5\p@ minus\p@ \topsep 10\p@ plus4\p@ minus6\p@ \itemsep 5
\p@ plus2.5\p@ minus\p@ \leftmargin \leftmargini \parsep 5\p@ plus2.5\p@ minus\
p@ \topsep 10\p@ plus4\p@ minus6\p@ \itemsep 5\p@ plus2.5\p@ minus\p@ =\relax \
fontsize {12}{14.5}\selectfont \abovedisplayskip 12\p@ plus3\p@ minus7\p@ \abov
edisplayshortskip \z@ plus3\p@ \belowdisplayshortskip 6.5\p@ plus3.5\p@ minus3\
p@ \belowdisplayskip \abovedisplayskip \let \leftmargin \leftmargini \parsep 5\
p@ plus2.5\p@ minus\p@ \topsep 10\p@ plus4\p@ minus6\p@ \itemsep 5\p@ plus2.5\p
@ minus\p@ \leftmargin \leftmargini \parsep 5\p@ plus2.5\p@ minus\p@ \topsep 10
\p@ plus4\p@ minus6\p@ \itemsep 5\p@ plus2.5\p@ minus\p@ \relax \fontsize {12}{
14.5}\selectfont \abovedisplayskip 12\p@ plus3\p@ minus7\p@ \abovedisplayshorts
kip \z@ plus3\p@ \belowdisplayshortskip 6.5\p@ plus3.5\p@ minus3\p@ \belowdispl
ayskip \abovedisplayskip \let \leftmargin \leftmargini \parsep 5\p@ plus2.5\p@ 
minus\p@ \topsep 10\p@ plus4\p@ minus6\p@ \itemsep 5\p@ plus2.5\p@ minus\p@ \le
ftmargin \leftmargini \parsep 5\p@ plus2.5\p@ minus\p@ \topsep 10\p@ plus4\p@ m
inus6\p@ \itemsep 5\p@ plus2.5\p@ minus\p@ {} V.
)
Underfull \hbox (badness 10000) has occurred while \output is active
 
 []


Underfull \hbox (badness 10000) has occurred while \output is active
 
 []

[9

] [10] (./appendix.tex
APPENDIX A.

Underfull \hbox (badness 10000) has occurred while \output is active
 
 []


Underfull \hbox (badness 10000) has occurred while \output is active
 
 []

[11


] [12]
APPENDIX B.
(./EOM/2-1.tex
Underfull \hbox (badness 10000) has occurred while \output is active
 
 []


Underfull \hbox (badness 10000) has occurred while \output is active
 
 []

[13

]
Overfull \vbox (30.75914pt too high) has occurred while \output is active []


[14]
Overfull \vbox (0.76988pt too high) has occurred while \output is active []


[15]))
***************** References ******************
[16] (d3c19e3736d6606f5d6322b291c026e9/ULL_thesis_template.bbl) (./abstract.tex
***************** Abstract ******************

Underfull \hbox (badness 10000) has occurred while \output is active
 
 []


Underfull \hbox (badness 10000) has occurred while \output is active
 
 []

[17


]) (./biosketch.tex
***************** Biographical Sketch ******************

Underfull \hbox (badness 10000) has occurred while \output is active
 
 []


Underfull \hbox (badness 10000) has occurred while \output is active
 
 []

[18

])
Underfull \hbox (badness 10000) has occurred while \output is active
 
 []


Underfull \hbox (badness 10000) has occurred while \output is active
 
 []

[19

] (d3c19e3736d6606f5d6322b291c026e9/ULL_thesis_template.aux) ) 
Here is how much of TeX's memory you used:
 20708 strings out of 493117
 397624 string characters out of 6135433
 451410 words of memory out of 5000000
 23796 multiletter control sequences out of 15000+600000
 13337 words of font info for 51 fonts, out of 8000000 for 9000
 1141 hyphenation exceptions out of 8191
 55i,10n,54p,10390b,322s stack positions out of 5000i,500n,10000p,200000b,80000s
</usr/local/texli
ve/2014/texmf-dist/fonts/type1/public/amsfonts/cm/cmbx12.pfb></usr/local/texliv
e/2014/texmf-dist/fonts/type1/public/amsfonts/cm/cmcsc10.pfb></usr/local/texliv
e/2014/texmf-dist/fonts/type1/public/amsfonts/cm/cmex10.pfb></usr/local/texlive
/2014/texmf-dist/fonts/type1/public/amsfonts/cm/cmmi12.pfb></usr/local/texlive/
2014/texmf-dist/fonts/type1/public/amsfonts/cm/cmmi8.pfb></usr/local/texlive/20
14/texmf-dist/fonts/type1/public/amsfonts/cm/cmr12.pfb></usr/local/texlive/2014
/texmf-dist/fonts/type1/public/amsfonts/cm/cmr8.pfb></usr/local/texlive/2014/te
xmf-dist/fonts/type1/public/amsfonts/cm/cmsy10.pfb></usr/local/texlive/2014/tex
mf-dist/fonts/type1/public/amsfonts/cm/cmti12.pfb>
Output written on d3c19e3736d6606f5d6322b291c026e9/ULL_thesis_template.pdf (27 
pages, 161191 bytes).
PDF statistics:
 144 PDF objects out of 1000 (max. 8388607)
 101 compressed objects within 2 object streams
 0 named destinations out of 1000 (max. 500000)
 18 words of extra memory for PDF output out of 10000 (max. 10000000)

