This is pdfTeX, Version 3.14159265-2.6-1.40.15 (TeX Live 2014) (preloaded format=pdflatex 2014.5.25)  27 APR 2017 22:49
entering extended mode
 restricted \write18 enabled.
 %&-line parsing enabled.
**2-1.tex
(./2-1.tex
LaTeX2e <2014/05/01>
Babel <3.9k> and hyphenation patterns for 78 languages loaded.

! LaTeX Error: Missing \begin{document}.

See the LaTeX manual or LaTeX Companion for explanation.
Type  H <return>  for immediate help.
 ...                                              
                                                  
l.1 M
     _1^4 = \frac{D^{2} g m}{4 I} \sin{\left (\beta \right )} \cos{\left (\b...

You're in trouble here.  Try typing  <return>  to proceed.
If that doesn't work, type  X <return>  to quit.

Missing character: There is no M in font nullfont!
! Missing $ inserted.
<inserted text> 
                $
l.1 M_
      1^4 = \frac{D^{2} g m}{4 I} \sin{\left (\beta \right )} \cos{\left (\b...
I've inserted a begin-math/end-math symbol since I think
you left one out. Proceed, with fingers crossed.

LaTeX Font Info:    External font `cmex10' loaded for size
(Font)              <7> on input line 1.
LaTeX Font Info:    External font `cmex10' loaded for size
(Font)              <5> on input line 1.
)
! Emergency stop.
<*> 2-1.tex
           
*** (job aborted, no legal \end found)

 
Here is how much of TeX's memory you used:
 8 strings out of 493117
 205 string characters out of 6135433
 54909 words of memory out of 5000000
 3570 multiletter control sequences out of 15000+600000
 3640 words of font info for 14 fonts, out of 8000000 for 9000
 1141 hyphenation exceptions out of 8191
 18i,7n,12p,2205b,56s stack positions out of 5000i,500n,10000p,200000b,80000s
!  ==> Fatal error occurred, no output PDF file produced!
